d:\raymond nojadera\coding\gdev 32\opengl\projects\gdev32-lab1\release\vc142.pdb
d:\raymond nojadera\coding\gdev 32\opengl\projects\gdev32-lab1\release\glad.obj
d:\raymond nojadera\coding\gdev 32\opengl\projects\gdev32-lab1\release\main.obj
d:\raymond nojadera\coding\gdev 32\opengl\projects\gdev32-lab1 - copy\release\vc142.pdb
d:\raymond nojadera\coding\gdev 32\opengl\projects\gdev32-lab1 - copy\release\main.obj
d:\raymond nojadera\coding\gdev 32\opengl\projects\gdev32-lab1\release\gdev32-lab1.ipdb
d:\raymond nojadera\coding\gdev 32\opengl\projects\gdev32-lab1\release\gdev32-lab1.iobj
d:\raymond nojadera\coding\gdev 32\opengl\projects\gdev32-lab1\release\gdev32-lab1.exe
d:\raymond nojadera\coding\gdev 32\opengl\projects\gdev32-lab1\release\gdev32-lab1.pdb
d:\raymond nojadera\coding\gdev 32\opengl\projects\gdev32-lab1 - copy\release\glad.obj
d:\raymond nojadera\coding\gdev 32\opengl\projects\gdev32-lab1 - copy\release\gdev32-lab1.ipdb
d:\raymond nojadera\coding\gdev 32\opengl\projects\gdev32-lab1 - copy\release\gdev32-lab1.iobj
d:\raymond nojadera\coding\gdev 32\opengl\projects\gdev32-lab1 - copy\release\gdev32-lab1.pdb
d:\raymond nojadera\coding\gdev 32\opengl\projects\gdev32-lab1 - copy\release\gdev32-lab1.tlog\cl.command.1.tlog
d:\raymond nojadera\coding\gdev 32\opengl\projects\gdev32-lab1 - copy\release\gdev32-lab1.tlog\cl.read.1.tlog
d:\raymond nojadera\coding\gdev 32\opengl\projects\gdev32-lab1 - copy\release\gdev32-lab1.tlog\cl.write.1.tlog
d:\raymond nojadera\coding\gdev 32\opengl\projects\gdev32-lab1 - copy\release\gdev32-lab1.tlog\gdev32-lab1.write.1u.tlog
d:\raymond nojadera\coding\gdev 32\opengl\projects\gdev32-lab1 - copy\release\gdev32-lab1.tlog\link.command.1.tlog
d:\raymond nojadera\coding\gdev 32\opengl\projects\gdev32-lab1 - copy\release\gdev32-lab1.tlog\link.read.1.tlog
d:\raymond nojadera\coding\gdev 32\opengl\projects\gdev32-lab1 - copy\release\gdev32-lab1.tlog\link.write.1.tlog
